<?xml version="1.0" encoding="UTF-8"?>
<!-- Generated by org.testng.reporters.JUnitXMLReporter -->
<testsuite hostname="Abu-PC" name="Dubizzle Test" tests="1" failures="1" timestamp="5 Mar 2017 19:15:40 GMT" time="1.147" errors="0">
  <testcase name="searchResultSorting" time="0.011" classname="test.com.dubizzle.aut.testcase.DubizzleSearchResultTest">
    <failure type="java.lang.AssertionError" message="[FAILED] Unable to click on &amp;apos;Motors-Used Cars for sale&amp;apos; sub-menu expected [true] but found [false]">
      <![CDATA[java.lang.AssertionError: [FAILED] Unable to click on 'Motors-Used Cars for sale' sub-menu expected [true] but found [false]
	at test.com.dubizzle.aut.testcase.DubizzleSearchResultTest.searchResultSorting(DubizzleSearchResultTest.java:62)
... Removed 30 stack frames]]>
    </failure>
  </testcase> <!-- searchResultSorting -->
</testsuite> <!-- Dubizzle Test -->
